2016/03/09 10:22:49 INFO  - jmeter.util.JMeterUtils: Setting Locale to en_US 
2016/03/09 10:22:49 INFO  - jmeter.JMeter: Loading user properties from: /usr/local/Cellar/jmeter/2.13/libexec/bin/user.properties 
2016/03/09 10:22:49 INFO  - jmeter.JMeter: Loading system properties from: /usr/local/Cellar/jmeter/2.13/libexec/bin/system.properties 
2016/03/09 10:22:49 INFO  - jmeter.JMeter: Copyright (c) 1998-2015 The Apache Software Foundation 
2016/03/09 10:22:49 INFO  - jmeter.JMeter: Version 2.13 r1665067 
2016/03/09 10:22:49 INFO  - jmeter.JMeter: java.version=1.8.0_65 
2016/03/09 10:22:49 INFO  - jmeter.JMeter: java.vm.name=Java HotSpot(TM) 64-Bit Server VM 
2016/03/09 10:22:49 INFO  - jmeter.JMeter: os.name=Mac OS X 
2016/03/09 10:22:49 INFO  - jmeter.JMeter: os.arch=x86_64 
2016/03/09 10:22:49 INFO  - jmeter.JMeter: os.version=10.11.1 
2016/03/09 10:22:49 INFO  - jmeter.JMeter: file.encoding=UTF-8 
2016/03/09 10:22:49 INFO  - jmeter.JMeter: Default Locale=English (United States) 
2016/03/09 10:22:49 INFO  - jmeter.JMeter: JMeter  Locale=English (United States) 
2016/03/09 10:22:49 INFO  - jmeter.JMeter: JMeterHome=/usr/local/Cellar/jmeter/2.13/libexec 
2016/03/09 10:22:49 INFO  - jmeter.JMeter: user.dir  =/Users/percivalslucena/loja/frontend/www 
2016/03/09 10:22:49 INFO  - jmeter.JMeter: PWD       =/Users/percivalslucena/loja/frontend/www 
2016/03/09 10:22:50 INFO  - jmeter.JMeter: IP: 192.168.99.1 Name: Percivals-MacBook-Pro.local FullName: 192.168.99.1 
2016/03/09 10:22:51 INFO  - jmeter.gui.action.LookAndFeelCommand: Using look and feel: com.apple.laf.AquaLookAndFeel [Mac OS X, System] 
2016/03/09 10:22:51 INFO  - jmeter.JMeter: Loaded icon properties from org/apache/jmeter/images/icon.properties 
2016/03/09 10:22:54 INFO  - jmeter.engine.util.CompoundVariable: Note: Function class names must contain the string: '.functions.' 
2016/03/09 10:22:54 INFO  - jmeter.engine.util.CompoundVariable: Note: Function class names must not contain the string: '.gui.' 
2016/03/09 10:22:55 INFO  - jmeter.util.BSFTestElement: Registering JMeter version of JavaScript engine as work-round for BSF-22 
2016/03/09 10:22:56 INFO  - jmeter.protocol.http.sampler.HTTPSamplerBase: Cannot find .className property for htmlParser, using default 
2016/03/09 10:22:56 INFO  - jmeter.protocol.http.sampler.HTTPSamplerBase: Parser for text/html is  
2016/03/09 10:22:56 INFO  - jmeter.protocol.http.sampler.HTTPSamplerBase: Parser for application/xhtml+xml is  
2016/03/09 10:22:56 INFO  - jmeter.protocol.http.sampler.HTTPSamplerBase: Parser for application/xml is  
2016/03/09 10:22:56 INFO  - jmeter.protocol.http.sampler.HTTPSamplerBase: Parser for text/xml is  
2016/03/09 10:22:56 INFO  - jmeter.protocol.http.sampler.HTTPSamplerBase: Parser for text/vnd.wap.wml is org.apache.jmeter.protocol.http.parser.RegexpHTMLParser 
2016/03/09 10:22:56 INFO  - jmeter.gui.util.MenuFactory: Skipping org.apache.jmeter.protocol.http.control.gui.WebServiceSamplerGui 
2016/03/09 10:22:56 INFO  - jmeter.gui.util.MenuFactory: Skipping org.apache.jmeter.protocol.http.modifier.gui.ParamModifierGui 
2016/03/09 10:22:56 INFO  - jorphan.exec.KeyToolUtils: keytool found at 'keytool' 
2016/03/09 10:22:56 INFO  - jmeter.protocol.http.proxy.ProxyControl: HTTP(S) Test Script Recorder SSL Proxy will use keys that support embedded 3rd party resources in file /usr/local/Cellar/jmeter/2.13/libexec/bin/proxyserver.jks 
2016/03/09 10:22:57 INFO  - jmeter.samplers.SampleResult: Note: Sample TimeStamps are START times 
2016/03/09 10:22:57 INFO  - jmeter.samplers.SampleResult: sampleresult.default.encoding is set to ISO-8859-1 
2016/03/09 10:22:57 INFO  - jmeter.samplers.SampleResult: sampleresult.useNanoTime=true 
2016/03/09 10:22:57 INFO  - jmeter.samplers.SampleResult: sampleresult.nanoThreadSleep=5000 
2016/03/09 10:23:13 INFO  - jmeter.services.FileServer: Default base='/Users/percivalslucena/loja/frontend/www' 
2016/03/09 10:23:13 INFO  - jmeter.gui.action.Load: Loading file: /Users/percivalslucena/wise.jmx 
2016/03/09 10:23:13 INFO  - jmeter.services.FileServer: Set new base='/Users/percivalslucena' 
2016/03/09 10:23:14 INFO  - jmeter.save.SaveService: Testplan (JMX) version: 2.2. Testlog (JTL) version: 2.2 
2016/03/09 10:23:14 INFO  - jmeter.save.SaveService: Using SaveService properties file encoding UTF-8 
2016/03/09 10:23:14 INFO  - jmeter.save.SaveService: Using SaveService properties file version 1656252 
2016/03/09 10:23:14 INFO  - jmeter.save.SaveService: Using SaveService properties version 2.8 
2016/03/09 10:23:14 INFO  - jmeter.save.SaveService: All converter versions present and correct 
2016/03/09 10:23:14 INFO  - jmeter.save.SaveService: Loading file: /Users/percivalslucena/wise.jmx 
2016/03/09 10:23:14 INFO  - jmeter.services.FileServer: Set new base='/Users/percivalslucena' 
2016/03/09 10:23:43 INFO  - jmeter.engine.StandardJMeterEngine: Listeners will be started after enabling running version 
2016/03/09 10:23:43 INFO  - jmeter.engine.StandardJMeterEngine: To revert to the earlier behaviour, define jmeterengine.startlistenerslater=false 
2016/03/09 10:23:43 INFO  - jmeter.engine.StandardJMeterEngine: Running the test! 
2016/03/09 10:23:43 INFO  - jmeter.samplers.SampleEvent: List of sample_variables: [] 
2016/03/09 10:23:43 INFO  - jmeter.samplers.SampleEvent: List of sample_variables: [] 
2016/03/09 10:23:43 INFO  - jmeter.gui.util.JMeterMenuBar: setRunning(true,*local*) 
2016/03/09 10:23:43 INFO  - jmeter.engine.StandardJMeterEngine: Starting ThreadGroup: 1 : Cloudant-availableForecasts 
2016/03/09 10:23:43 INFO  - jmeter.engine.StandardJMeterEngine: Starting 20 threads for group Cloudant-availableForecasts. 
2016/03/09 10:23:43 INFO  - jmeter.engine.StandardJMeterEngine: Thread will continue on error 
2016/03/09 10:23:43 INFO  - jmeter.threads.ThreadGroup: Starting thread group number 1 threads 20 ramp-up 1 perThread 50.0 delayedStart=false 
2016/03/09 10:23:43 INFO  - jmeter.threads.JMeterThread: jmeterthread.startearlier=true (see jmeter.properties) 
2016/03/09 10:23:43 INFO  - jmeter.threads.JMeterThread: Running PostProcessors in forward order 
2016/03/09 10:23:43 INFO  - jmeter.threads.JMeterThread: Thread started: Cloudant-availableForecasts 1-1 
2016/03/09 10:23:43 INFO  - jmeter.protocol.http.sampler.HTTPJavaImpl: Maximum connection retries = 10 
2016/03/09 10:23:43 INFO  - jmeter.util.JsseSSLManager: Using default SSL protocol: TLS 
2016/03/09 10:23:43 INFO  - jmeter.util.JsseSSLManager: SSL session context: per-thread 
2016/03/09 10:23:43 INFO  - jmeter.threads.ThreadGroup: Started thread group number 1 
2016/03/09 10:23:43 INFO  - jmeter.engine.StandardJMeterEngine: Waiting for thread group: Cloudant-availableForecasts to finish before starting next group 
2016/03/09 10:23:43 INFO  - jmeter.threads.JMeterThread: Thread started: Cloudant-availableForecasts 1-2 
2016/03/09 10:23:43 INFO  - jmeter.threads.JMeterThread: Thread started: Cloudant-availableForecasts 1-3 
2016/03/09 10:23:43 INFO  - jmeter.threads.JMeterThread: Thread started: Cloudant-availableForecasts 1-4 
2016/03/09 10:23:43 INFO  - jmeter.util.SSLManager: JmeterKeyStore Location:  type JKS 
2016/03/09 10:23:43 INFO  - jmeter.util.SSLManager: KeyStore created OK 
2016/03/09 10:23:43 WARN  - jmeter.util.SSLManager: Keystore file not found, loading empty keystore 
2016/03/09 10:23:43 INFO  - jmeter.threads.JMeterThread: Thread started: Cloudant-availableForecasts 1-5 
2016/03/09 10:23:43 INFO  - jmeter.threads.JMeterThread: Thread started: Cloudant-availableForecasts 1-6 
2016/03/09 10:23:43 INFO  - jmeter.threads.JMeterThread: Thread started: Cloudant-availableForecasts 1-7 
2016/03/09 10:23:43 INFO  - jmeter.threads.JMeterThread: Thread started: Cloudant-availableForecasts 1-8 
2016/03/09 10:23:43 INFO  - jmeter.threads.JMeterThread: Thread started: Cloudant-availableForecasts 1-9 
2016/03/09 10:23:44 INFO  - jmeter.threads.JMeterThread: Thread started: Cloudant-availableForecasts 1-10 
2016/03/09 10:23:44 INFO  - jmeter.threads.JMeterThread: Thread started: Cloudant-availableForecasts 1-11 
2016/03/09 10:23:44 INFO  - jmeter.threads.JMeterThread: Thread started: Cloudant-availableForecasts 1-12 
2016/03/09 10:23:44 INFO  - jmeter.threads.JMeterThread: Thread started: Cloudant-availableForecasts 1-13 
2016/03/09 10:23:44 INFO  - jmeter.threads.JMeterThread: Thread started: Cloudant-availableForecasts 1-14 
2016/03/09 10:23:44 INFO  - jmeter.threads.JMeterThread: Thread started: Cloudant-availableForecasts 1-15 
2016/03/09 10:23:44 INFO  - jmeter.threads.JMeterThread: Thread started: Cloudant-availableForecasts 1-16 
2016/03/09 10:23:44 INFO  - jmeter.threads.JMeterThread: Thread started: Cloudant-availableForecasts 1-17 
2016/03/09 10:23:44 INFO  - jmeter.threads.JMeterThread: Thread started: Cloudant-availableForecasts 1-18 
2016/03/09 10:23:44 INFO  - jmeter.threads.JMeterThread: Thread started: Cloudant-availableForecasts 1-19 
2016/03/09 10:23:44 INFO  - jmeter.threads.JMeterThread: Thread started: Cloudant-availableForecasts 1-20 
2016/03/09 10:25:06 INFO  - jmeter.threads.JMeterThread: Thread is done: Cloudant-availableForecasts 1-4 
2016/03/09 10:25:06 INFO  - jmeter.threads.JMeterThread: Thread finished: Cloudant-availableForecasts 1-4 
2016/03/09 10:25:07 INFO  - jmeter.threads.JMeterThread: Thread is done: Cloudant-availableForecasts 1-9 
2016/03/09 10:25:07 INFO  - jmeter.threads.JMeterThread: Thread finished: Cloudant-availableForecasts 1-9 
2016/03/09 10:25:07 INFO  - jmeter.threads.JMeterThread: Thread is done: Cloudant-availableForecasts 1-16 
2016/03/09 10:25:07 INFO  - jmeter.threads.JMeterThread: Thread finished: Cloudant-availableForecasts 1-16 
2016/03/09 10:25:07 INFO  - jmeter.threads.JMeterThread: Thread is done: Cloudant-availableForecasts 1-15 
2016/03/09 10:25:07 INFO  - jmeter.threads.JMeterThread: Thread finished: Cloudant-availableForecasts 1-15 
2016/03/09 10:25:07 INFO  - jmeter.threads.JMeterThread: Thread is done: Cloudant-availableForecasts 1-13 
2016/03/09 10:25:07 INFO  - jmeter.threads.JMeterThread: Thread finished: Cloudant-availableForecasts 1-13 
2016/03/09 10:25:09 INFO  - jmeter.threads.JMeterThread: Thread is done: Cloudant-availableForecasts 1-8 
2016/03/09 10:25:09 INFO  - jmeter.threads.JMeterThread: Thread finished: Cloudant-availableForecasts 1-8 
2016/03/09 10:25:09 INFO  - jmeter.threads.JMeterThread: Thread is done: Cloudant-availableForecasts 1-7 
2016/03/09 10:25:09 INFO  - jmeter.threads.JMeterThread: Thread is done: Cloudant-availableForecasts 1-2 
2016/03/09 10:25:09 INFO  - jmeter.threads.JMeterThread: Thread finished: Cloudant-availableForecasts 1-7 
2016/03/09 10:25:09 INFO  - jmeter.threads.JMeterThread: Thread finished: Cloudant-availableForecasts 1-2 
2016/03/09 10:25:09 INFO  - jmeter.threads.JMeterThread: Thread is done: Cloudant-availableForecasts 1-14 
2016/03/09 10:25:09 INFO  - jmeter.threads.JMeterThread: Thread finished: Cloudant-availableForecasts 1-14 
2016/03/09 10:25:10 INFO  - jmeter.threads.JMeterThread: Thread is done: Cloudant-availableForecasts 1-3 
2016/03/09 10:25:10 INFO  - jmeter.threads.JMeterThread: Thread finished: Cloudant-availableForecasts 1-3 
2016/03/09 10:25:10 INFO  - jmeter.threads.JMeterThread: Thread is done: Cloudant-availableForecasts 1-20 
2016/03/09 10:25:10 INFO  - jmeter.threads.JMeterThread: Thread finished: Cloudant-availableForecasts 1-20 
2016/03/09 10:25:10 INFO  - jmeter.threads.JMeterThread: Thread is done: Cloudant-availableForecasts 1-11 
2016/03/09 10:25:10 INFO  - jmeter.threads.JMeterThread: Thread finished: Cloudant-availableForecasts 1-11 
2016/03/09 10:25:11 INFO  - jmeter.threads.JMeterThread: Thread is done: Cloudant-availableForecasts 1-18 
2016/03/09 10:25:11 INFO  - jmeter.threads.JMeterThread: Thread finished: Cloudant-availableForecasts 1-18 
2016/03/09 10:25:11 INFO  - jmeter.threads.JMeterThread: Thread is done: Cloudant-availableForecasts 1-5 
2016/03/09 10:25:11 INFO  - jmeter.threads.JMeterThread: Thread finished: Cloudant-availableForecasts 1-5 
2016/03/09 10:25:12 INFO  - jmeter.threads.JMeterThread: Thread is done: Cloudant-availableForecasts 1-12 
2016/03/09 10:25:12 INFO  - jmeter.threads.JMeterThread: Thread finished: Cloudant-availableForecasts 1-12 
2016/03/09 10:25:12 INFO  - jmeter.threads.JMeterThread: Thread is done: Cloudant-availableForecasts 1-10 
2016/03/09 10:25:12 INFO  - jmeter.threads.JMeterThread: Thread finished: Cloudant-availableForecasts 1-10 
2016/03/09 10:25:12 INFO  - jmeter.threads.JMeterThread: Thread is done: Cloudant-availableForecasts 1-19 
2016/03/09 10:25:12 INFO  - jmeter.threads.JMeterThread: Thread finished: Cloudant-availableForecasts 1-19 
2016/03/09 10:25:13 INFO  - jmeter.threads.JMeterThread: Thread is done: Cloudant-availableForecasts 1-17 
2016/03/09 10:25:13 INFO  - jmeter.threads.JMeterThread: Thread finished: Cloudant-availableForecasts 1-17 
2016/03/09 10:25:14 INFO  - jmeter.threads.JMeterThread: Thread is done: Cloudant-availableForecasts 1-1 
2016/03/09 10:25:14 INFO  - jmeter.threads.JMeterThread: Thread finished: Cloudant-availableForecasts 1-1 
2016/03/09 10:25:15 INFO  - jmeter.threads.JMeterThread: Thread is done: Cloudant-availableForecasts 1-6 
2016/03/09 10:25:15 INFO  - jmeter.threads.JMeterThread: Thread finished: Cloudant-availableForecasts 1-6 
2016/03/09 10:25:15 INFO  - jmeter.engine.StandardJMeterEngine: Starting ThreadGroup: 2 : Thread Group 
2016/03/09 10:25:15 INFO  - jmeter.engine.StandardJMeterEngine: Starting 20 threads for group Thread Group. 
2016/03/09 10:25:15 INFO  - jmeter.engine.StandardJMeterEngine: Thread will continue on error 
2016/03/09 10:25:15 INFO  - jmeter.threads.ThreadGroup: Starting thread group number 2 threads 20 ramp-up 1 perThread 50.0 delayedStart=false 
2016/03/09 10:25:15 INFO  - jmeter.threads.JMeterThread: Thread started: Thread Group 2-1 
2016/03/09 10:25:15 INFO  - jmeter.threads.ThreadGroup: Started thread group number 2 
2016/03/09 10:25:15 INFO  - jmeter.engine.StandardJMeterEngine: All thread groups have been started 
2016/03/09 10:25:15 INFO  - jmeter.threads.JMeterThread: Thread started: Thread Group 2-2 
2016/03/09 10:25:15 INFO  - jmeter.threads.JMeterThread: Thread started: Thread Group 2-3 
2016/03/09 10:25:15 INFO  - jmeter.threads.JMeterThread: Thread started: Thread Group 2-4 
2016/03/09 10:25:15 INFO  - jmeter.threads.JMeterThread: Thread started: Thread Group 2-5 
2016/03/09 10:25:15 INFO  - jmeter.threads.JMeterThread: Thread started: Thread Group 2-6 
2016/03/09 10:25:15 INFO  - jmeter.threads.JMeterThread: Thread started: Thread Group 2-7 
2016/03/09 10:25:15 INFO  - jmeter.threads.JMeterThread: Thread started: Thread Group 2-8 
2016/03/09 10:25:15 INFO  - jmeter.threads.JMeterThread: Thread started: Thread Group 2-9 
2016/03/09 10:25:15 INFO  - jmeter.threads.JMeterThread: Thread started: Thread Group 2-10 
2016/03/09 10:25:15 INFO  - jmeter.threads.JMeterThread: Thread started: Thread Group 2-11 
2016/03/09 10:25:15 INFO  - jmeter.threads.JMeterThread: Thread started: Thread Group 2-12 
2016/03/09 10:25:15 INFO  - jmeter.threads.JMeterThread: Thread started: Thread Group 2-13 
2016/03/09 10:25:15 INFO  - jmeter.threads.JMeterThread: Thread started: Thread Group 2-14 
2016/03/09 10:25:15 INFO  - jmeter.threads.JMeterThread: Thread started: Thread Group 2-15 
2016/03/09 10:25:16 INFO  - jmeter.threads.JMeterThread: Thread started: Thread Group 2-16 
2016/03/09 10:25:16 INFO  - jmeter.threads.JMeterThread: Thread started: Thread Group 2-17 
2016/03/09 10:25:16 INFO  - jmeter.threads.JMeterThread: Thread started: Thread Group 2-18 
2016/03/09 10:25:16 INFO  - jmeter.threads.JMeterThread: Thread started: Thread Group 2-19 
2016/03/09 10:25:16 INFO  - jmeter.threads.JMeterThread: Thread started: Thread Group 2-20 
2016/03/09 10:37:28 INFO  - jmeter.services.FileServer: Set new base='/Users/percivalslucena' 
2016/03/09 10:38:59 INFO  - jmeter.engine.DistributedRunner: Configuring remote engine: 127.0.0.1 
2016/03/09 10:39:00 ERROR - jmeter.engine.DistributedRunner: Failed to create engine at 127.0.0.1 java.rmi.ConnectException: Connection refused to host: 127.0.0.1; nested exception is: 
	java.net.ConnectException: Connection refused
	at sun.rmi.transport.tcp.TCPEndpoint.newSocket(TCPEndpoint.java:619)
	at sun.rmi.transport.tcp.TCPChannel.createConnection(TCPChannel.java:216)
	at sun.rmi.transport.tcp.TCPChannel.newConnection(TCPChannel.java:202)
	at sun.rmi.server.UnicastRef.newCall(UnicastRef.java:342)
	at sun.rmi.registry.RegistryImpl_Stub.lookup(Unknown Source)
	at java.rmi.Naming.lookup(Naming.java:101)
	at org.apache.jmeter.engine.ClientJMeterEngine.getEngine(ClientJMeterEngine.java:54)
	at org.apache.jmeter.engine.ClientJMeterEngine.<init>(ClientJMeterEngine.java:67)
	at org.apache.jmeter.engine.DistributedRunner.createEngine(DistributedRunner.java:237)
	at org.apache.jmeter.engine.DistributedRunner.getClientEngine(DistributedRunner.java:213)
	at org.apache.jmeter.engine.DistributedRunner.init(DistributedRunner.java:91)
	at org.apache.jmeter.gui.action.RemoteStart.doAction(RemoteStart.java:85)
	at org.apache.jmeter.gui.action.ActionRouter.performAction(ActionRouter.java:81)
	at org.apache.jmeter.gui.action.ActionRouter.access$000(ActionRouter.java:40)
	at org.apache.jmeter.gui.action.ActionRouter$1.run(ActionRouter.java:63)
	at java.awt.event.InvocationEvent.dispatch(InvocationEvent.java:311)
	at java.awt.EventQueue.dispatchEventImpl(EventQueue.java:756)
	at java.awt.EventQueue.access$500(EventQueue.java:97)
	at java.awt.EventQueue$3.run(EventQueue.java:709)
	at java.awt.EventQueue$3.run(EventQueue.java:703)
	at java.security.AccessController.doPrivileged(Native Method)
	at java.security.ProtectionDomain$JavaSecurityAccessImpl.doIntersectionPrivilege(ProtectionDomain.java:76)
	at java.awt.EventQueue.dispatchEvent(EventQueue.java:726)
	at java.awt.EventDispatchThread.pumpOneEventForFilters(EventDispatchThread.java:201)
	at java.awt.EventDispatchThread.pumpEventsForFilter(EventDispatchThread.java:116)
	at java.awt.EventDispatchThread.pumpEventsForHierarchy(EventDispatchThread.java:105)
	at java.awt.EventDispatchThread.pumpEvents(EventDispatchThread.java:101)
	at java.awt.EventDispatchThread.pumpEvents(EventDispatchThread.java:93)
	at java.awt.EventDispatchThread.run(EventDispatchThread.java:82)
Caused by: java.net.ConnectException: Connection refused
	at java.net.PlainSocketImpl.socketConnect(Native Method)
	at java.net.AbstractPlainSocketImpl.doConnect(AbstractPlainSocketImpl.java:350)
	at java.net.AbstractPlainSocketImpl.connectToAddress(AbstractPlainSocketImpl.java:206)
	at java.net.AbstractPlainSocketImpl.connect(AbstractPlainSocketImpl.java:188)
	at java.net.SocksSocketImpl.connect(SocksSocketImpl.java:392)
	at java.net.Socket.connect(Socket.java:589)
	at java.net.Socket.connect(Socket.java:538)
	at java.net.Socket.<init>(Socket.java:434)
	at java.net.Socket.<init>(Socket.java:211)
	at sun.rmi.transport.proxy.RMIDirectSocketFactory.createSocket(RMIDirectSocketFactory.java:40)
	at sun.rmi.transport.proxy.RMIMasterSocketFactory.createSocket(RMIMasterSocketFactory.java:148)
	at sun.rmi.transport.tcp.TCPEndpoint.newSocket(TCPEndpoint.java:613)
	... 28 more

2016/03/09 10:39:03 INFO  - jmeter.engine.DistributedRunner: Failed to configure 127.0.0.1 
2016/03/09 10:39:03 INFO  - jmeter.engine.DistributedRunner: Stopping remote engines 
2016/03/09 10:39:03 INFO  - jmeter.engine.DistributedRunner: Remote engines have been stopped 
2016/03/09 10:39:03 ERROR - jmeter.gui.action.ActionRouter: Error processing org.apache.jmeter.gui.action.RemoteStart@2de23121 java.lang.RuntimeException: Following remote engines could not be configured:[127.0.0.1]
	at org.apache.jmeter.engine.DistributedRunner.init(DistributedRunner.java:110)
	at org.apache.jmeter.gui.action.RemoteStart.doAction(RemoteStart.java:85)
	at org.apache.jmeter.gui.action.ActionRouter.performAction(ActionRouter.java:81)
	at org.apache.jmeter.gui.action.ActionRouter.access$000(ActionRouter.java:40)
	at org.apache.jmeter.gui.action.ActionRouter$1.run(ActionRouter.java:63)
	at java.awt.event.InvocationEvent.dispatch(InvocationEvent.java:311)
	at java.awt.EventQueue.dispatchEventImpl(EventQueue.java:756)
	at java.awt.EventQueue.access$500(EventQueue.java:97)
	at java.awt.EventQueue$3.run(EventQueue.java:709)
	at java.awt.EventQueue$3.run(EventQueue.java:703)
	at java.security.AccessController.doPrivileged(Native Method)
	at java.security.ProtectionDomain$JavaSecurityAccessImpl.doIntersectionPrivilege(ProtectionDomain.java:76)
	at java.awt.EventQueue.dispatchEvent(EventQueue.java:726)
	at java.awt.EventDispatchThread.pumpOneEventForFilters(EventDispatchThread.java:201)
	at java.awt.EventDispatchThread.pumpEventsForFilter(EventDispatchThread.java:116)
	at java.awt.EventDispatchThread.pumpEventsForHierarchy(EventDispatchThread.java:105)
	at java.awt.EventDispatchThread.pumpEvents(EventDispatchThread.java:101)
	at java.awt.EventDispatchThread.pumpEvents(EventDispatchThread.java:93)
	at java.awt.EventDispatchThread.run(EventDispatchThread.java:82)

2016/03/09 10:39:20 INFO  - jmeter.engine.DistributedRunner: Configuring remote engine: 127.0.0.1 
2016/03/09 10:39:20 ERROR - jmeter.engine.DistributedRunner: Failed to create engine at 127.0.0.1 java.rmi.ConnectException: Connection refused to host: 127.0.0.1; nested exception is: 
	java.net.ConnectException: Connection refused
	at sun.rmi.transport.tcp.TCPEndpoint.newSocket(TCPEndpoint.java:619)
	at sun.rmi.transport.tcp.TCPChannel.createConnection(TCPChannel.java:216)
	at sun.rmi.transport.tcp.TCPChannel.newConnection(TCPChannel.java:202)
	at sun.rmi.server.UnicastRef.newCall(UnicastRef.java:342)
	at sun.rmi.registry.RegistryImpl_Stub.lookup(Unknown Source)
	at java.rmi.Naming.lookup(Naming.java:101)
	at org.apache.jmeter.engine.ClientJMeterEngine.getEngine(ClientJMeterEngine.java:54)
	at org.apache.jmeter.engine.ClientJMeterEngine.<init>(ClientJMeterEngine.java:67)
	at org.apache.jmeter.engine.DistributedRunner.createEngine(DistributedRunner.java:237)
	at org.apache.jmeter.engine.DistributedRunner.getClientEngine(DistributedRunner.java:213)
	at org.apache.jmeter.engine.DistributedRunner.init(DistributedRunner.java:91)
	at org.apache.jmeter.gui.action.RemoteStart.doAction(RemoteStart.java:85)
	at org.apache.jmeter.gui.action.ActionRouter.performAction(ActionRouter.java:81)
	at org.apache.jmeter.gui.action.ActionRouter.access$000(ActionRouter.java:40)
	at org.apache.jmeter.gui.action.ActionRouter$1.run(ActionRouter.java:63)
	at java.awt.event.InvocationEvent.dispatch(InvocationEvent.java:311)
	at java.awt.EventQueue.dispatchEventImpl(EventQueue.java:756)
	at java.awt.EventQueue.access$500(EventQueue.java:97)
	at java.awt.EventQueue$3.run(EventQueue.java:709)
	at java.awt.EventQueue$3.run(EventQueue.java:703)
	at java.security.AccessController.doPrivileged(Native Method)
	at java.security.ProtectionDomain$JavaSecurityAccessImpl.doIntersectionPrivilege(ProtectionDomain.java:76)
	at java.awt.EventQueue.dispatchEvent(EventQueue.java:726)
	at java.awt.EventDispatchThread.pumpOneEventForFilters(EventDispatchThread.java:201)
	at java.awt.EventDispatchThread.pumpEventsForFilter(EventDispatchThread.java:116)
	at java.awt.EventDispatchThread.pumpEventsForHierarchy(EventDispatchThread.java:105)
	at java.awt.EventDispatchThread.pumpEvents(EventDispatchThread.java:101)
	at java.awt.EventDispatchThread.pumpEvents(EventDispatchThread.java:93)
	at java.awt.EventDispatchThread.run(EventDispatchThread.java:82)
Caused by: java.net.ConnectException: Connection refused
	at java.net.PlainSocketImpl.socketConnect(Native Method)
	at java.net.AbstractPlainSocketImpl.doConnect(AbstractPlainSocketImpl.java:350)
	at java.net.AbstractPlainSocketImpl.connectToAddress(AbstractPlainSocketImpl.java:206)
	at java.net.AbstractPlainSocketImpl.connect(AbstractPlainSocketImpl.java:188)
	at java.net.SocksSocketImpl.connect(SocksSocketImpl.java:392)
	at java.net.Socket.connect(Socket.java:589)
	at java.net.Socket.connect(Socket.java:538)
	at java.net.Socket.<init>(Socket.java:434)
	at java.net.Socket.<init>(Socket.java:211)
	at sun.rmi.transport.proxy.RMIDirectSocketFactory.createSocket(RMIDirectSocketFactory.java:40)
	at sun.rmi.transport.proxy.RMIMasterSocketFactory.createSocket(RMIMasterSocketFactory.java:148)
	at sun.rmi.transport.tcp.TCPEndpoint.newSocket(TCPEndpoint.java:613)
	... 28 more

2016/03/09 10:39:21 INFO  - jmeter.engine.DistributedRunner: Failed to configure 127.0.0.1 
2016/03/09 10:39:21 INFO  - jmeter.engine.DistributedRunner: Stopping remote engines 
2016/03/09 10:39:21 INFO  - jmeter.engine.DistributedRunner: Remote engines have been stopped 
2016/03/09 10:39:21 ERROR - jmeter.gui.action.ActionRouter: Error processing org.apache.jmeter.gui.action.RemoteStart@2de23121 java.lang.RuntimeException: Following remote engines could not be configured:[127.0.0.1]
	at org.apache.jmeter.engine.DistributedRunner.init(DistributedRunner.java:110)
	at org.apache.jmeter.gui.action.RemoteStart.doAction(RemoteStart.java:85)
	at org.apache.jmeter.gui.action.ActionRouter.performAction(ActionRouter.java:81)
	at org.apache.jmeter.gui.action.ActionRouter.access$000(ActionRouter.java:40)
	at org.apache.jmeter.gui.action.ActionRouter$1.run(ActionRouter.java:63)
	at java.awt.event.InvocationEvent.dispatch(InvocationEvent.java:311)
	at java.awt.EventQueue.dispatchEventImpl(EventQueue.java:756)
	at java.awt.EventQueue.access$500(EventQueue.java:97)
	at java.awt.EventQueue$3.run(EventQueue.java:709)
	at java.awt.EventQueue$3.run(EventQueue.java:703)
	at java.security.AccessController.doPrivileged(Native Method)
	at java.security.ProtectionDomain$JavaSecurityAccessImpl.doIntersectionPrivilege(ProtectionDomain.java:76)
	at java.awt.EventQueue.dispatchEvent(EventQueue.java:726)
	at java.awt.EventDispatchThread.pumpOneEventForFilters(EventDispatchThread.java:201)
	at java.awt.EventDispatchThread.pumpEventsForFilter(EventDispatchThread.java:116)
	at java.awt.EventDispatchThread.pumpEventsForHierarchy(EventDispatchThread.java:105)
	at java.awt.EventDispatchThread.pumpEvents(EventDispatchThread.java:101)
	at java.awt.EventDispatchThread.pumpEvents(EventDispatchThread.java:93)
	at java.awt.EventDispatchThread.run(EventDispatchThread.java:82)

2016/03/09 10:39:52 INFO  - jmeter.engine.DistributedRunner: Configuring remote engine: 127.0.0.1 
2016/03/09 10:39:52 ERROR - jmeter.engine.DistributedRunner: Failed to create engine at 127.0.0.1 java.rmi.ConnectException: Connection refused to host: 127.0.0.1; nested exception is: 
	java.net.ConnectException: Connection refused
	at sun.rmi.transport.tcp.TCPEndpoint.newSocket(TCPEndpoint.java:619)
	at sun.rmi.transport.tcp.TCPChannel.createConnection(TCPChannel.java:216)
	at sun.rmi.transport.tcp.TCPChannel.newConnection(TCPChannel.java:202)
	at sun.rmi.server.UnicastRef.newCall(UnicastRef.java:342)
	at sun.rmi.registry.RegistryImpl_Stub.lookup(Unknown Source)
	at java.rmi.Naming.lookup(Naming.java:101)
	at org.apache.jmeter.engine.ClientJMeterEngine.getEngine(ClientJMeterEngine.java:54)
	at org.apache.jmeter.engine.ClientJMeterEngine.<init>(ClientJMeterEngine.java:67)
	at org.apache.jmeter.engine.DistributedRunner.createEngine(DistributedRunner.java:237)
	at org.apache.jmeter.engine.DistributedRunner.getClientEngine(DistributedRunner.java:213)
	at org.apache.jmeter.engine.DistributedRunner.init(DistributedRunner.java:91)
	at org.apache.jmeter.gui.action.RemoteStart.doAction(RemoteStart.java:85)
	at org.apache.jmeter.gui.action.ActionRouter.performAction(ActionRouter.java:81)
	at org.apache.jmeter.gui.action.ActionRouter.access$000(ActionRouter.java:40)
	at org.apache.jmeter.gui.action.ActionRouter$1.run(ActionRouter.java:63)
	at java.awt.event.InvocationEvent.dispatch(InvocationEvent.java:311)
	at java.awt.EventQueue.dispatchEventImpl(EventQueue.java:756)
	at java.awt.EventQueue.access$500(EventQueue.java:97)
	at java.awt.EventQueue$3.run(EventQueue.java:709)
	at java.awt.EventQueue$3.run(EventQueue.java:703)
	at java.security.AccessController.doPrivileged(Native Method)
	at java.security.ProtectionDomain$JavaSecurityAccessImpl.doIntersectionPrivilege(ProtectionDomain.java:76)
	at java.awt.EventQueue.dispatchEvent(EventQueue.java:726)
	at java.awt.EventDispatchThread.pumpOneEventForFilters(EventDispatchThread.java:201)
	at java.awt.EventDispatchThread.pumpEventsForFilter(EventDispatchThread.java:116)
	at java.awt.EventDispatchThread.pumpEventsForHierarchy(EventDispatchThread.java:105)
	at java.awt.EventDispatchThread.pumpEvents(EventDispatchThread.java:101)
	at java.awt.EventDispatchThread.pumpEvents(EventDispatchThread.java:93)
	at java.awt.EventDispatchThread.run(EventDispatchThread.java:82)
Caused by: java.net.ConnectException: Connection refused
	at java.net.PlainSocketImpl.socketConnect(Native Method)
	at java.net.AbstractPlainSocketImpl.doConnect(AbstractPlainSocketImpl.java:350)
	at java.net.AbstractPlainSocketImpl.connectToAddress(AbstractPlainSocketImpl.java:206)
	at java.net.AbstractPlainSocketImpl.connect(AbstractPlainSocketImpl.java:188)
	at java.net.SocksSocketImpl.connect(SocksSocketImpl.java:392)
	at java.net.Socket.connect(Socket.java:589)
	at java.net.Socket.connect(Socket.java:538)
	at java.net.Socket.<init>(Socket.java:434)
	at java.net.Socket.<init>(Socket.java:211)
	at sun.rmi.transport.proxy.RMIDirectSocketFactory.createSocket(RMIDirectSocketFactory.java:40)
	at sun.rmi.transport.proxy.RMIMasterSocketFactory.createSocket(RMIMasterSocketFactory.java:148)
	at sun.rmi.transport.tcp.TCPEndpoint.newSocket(TCPEndpoint.java:613)
	... 28 more

2016/03/09 10:39:59 INFO  - jmeter.engine.DistributedRunner: Failed to configure 127.0.0.1 
2016/03/09 10:39:59 INFO  - jmeter.engine.DistributedRunner: Stopping remote engines 
2016/03/09 10:39:59 INFO  - jmeter.engine.DistributedRunner: Remote engines have been stopped 
2016/03/09 10:39:59 ERROR - jmeter.gui.action.ActionRouter: Error processing org.apache.jmeter.gui.action.RemoteStart@2de23121 java.lang.RuntimeException: Following remote engines could not be configured:[127.0.0.1]
	at org.apache.jmeter.engine.DistributedRunner.init(DistributedRunner.java:110)
	at org.apache.jmeter.gui.action.RemoteStart.doAction(RemoteStart.java:85)
	at org.apache.jmeter.gui.action.ActionRouter.performAction(ActionRouter.java:81)
	at org.apache.jmeter.gui.action.ActionRouter.access$000(ActionRouter.java:40)
	at org.apache.jmeter.gui.action.ActionRouter$1.run(ActionRouter.java:63)
	at java.awt.event.InvocationEvent.dispatch(InvocationEvent.java:311)
	at java.awt.EventQueue.dispatchEventImpl(EventQueue.java:756)
	at java.awt.EventQueue.access$500(EventQueue.java:97)
	at java.awt.EventQueue$3.run(EventQueue.java:709)
	at java.awt.EventQueue$3.run(EventQueue.java:703)
	at java.security.AccessController.doPrivileged(Native Method)
	at java.security.ProtectionDomain$JavaSecurityAccessImpl.doIntersectionPrivilege(ProtectionDomain.java:76)
	at java.awt.EventQueue.dispatchEvent(EventQueue.java:726)
	at java.awt.EventDispatchThread.pumpOneEventForFilters(EventDispatchThread.java:201)
	at java.awt.EventDispatchThread.pumpEventsForFilter(EventDispatchThread.java:116)
	at java.awt.EventDispatchThread.pumpEventsForHierarchy(EventDispatchThread.java:105)
	at java.awt.EventDispatchThread.pumpEvents(EventDispatchThread.java:101)
	at java.awt.EventDispatchThread.pumpEvents(EventDispatchThread.java:93)
	at java.awt.EventDispatchThread.run(EventDispatchThread.java:82)

2016/03/09 10:40:10 INFO  - jmeter.engine.DistributedRunner: Configuring remote engine: 127.0.0.1 
2016/03/09 10:40:10 ERROR - jmeter.engine.DistributedRunner: Failed to create engine at 127.0.0.1 java.rmi.ConnectException: Connection refused to host: 127.0.0.1; nested exception is: 
	java.net.ConnectException: Connection refused
	at sun.rmi.transport.tcp.TCPEndpoint.newSocket(TCPEndpoint.java:619)
	at sun.rmi.transport.tcp.TCPChannel.createConnection(TCPChannel.java:216)
	at sun.rmi.transport.tcp.TCPChannel.newConnection(TCPChannel.java:202)
	at sun.rmi.server.UnicastRef.newCall(UnicastRef.java:342)
	at sun.rmi.registry.RegistryImpl_Stub.lookup(Unknown Source)
	at java.rmi.Naming.lookup(Naming.java:101)
	at org.apache.jmeter.engine.ClientJMeterEngine.getEngine(ClientJMeterEngine.java:54)
	at org.apache.jmeter.engine.ClientJMeterEngine.<init>(ClientJMeterEngine.java:67)
	at org.apache.jmeter.engine.DistributedRunner.createEngine(DistributedRunner.java:237)
	at org.apache.jmeter.engine.DistributedRunner.getClientEngine(DistributedRunner.java:213)
	at org.apache.jmeter.engine.DistributedRunner.init(DistributedRunner.java:91)
	at org.apache.jmeter.gui.action.RemoteStart.doAction(RemoteStart.java:85)
	at org.apache.jmeter.gui.action.ActionRouter.performAction(ActionRouter.java:81)
	at org.apache.jmeter.gui.action.ActionRouter.access$000(ActionRouter.java:40)
	at org.apache.jmeter.gui.action.ActionRouter$1.run(ActionRouter.java:63)
	at java.awt.event.InvocationEvent.dispatch(InvocationEvent.java:311)
	at java.awt.EventQueue.dispatchEventImpl(EventQueue.java:756)
	at java.awt.EventQueue.access$500(EventQueue.java:97)
	at java.awt.EventQueue$3.run(EventQueue.java:709)
	at java.awt.EventQueue$3.run(EventQueue.java:703)
	at java.security.AccessController.doPrivileged(Native Method)
	at java.security.ProtectionDomain$JavaSecurityAccessImpl.doIntersectionPrivilege(ProtectionDomain.java:76)
	at java.awt.EventQueue.dispatchEvent(EventQueue.java:726)
	at java.awt.EventDispatchThread.pumpOneEventForFilters(EventDispatchThread.java:201)
	at java.awt.EventDispatchThread.pumpEventsForFilter(EventDispatchThread.java:116)
	at java.awt.EventDispatchThread.pumpEventsForHierarchy(EventDispatchThread.java:105)
	at java.awt.EventDispatchThread.pumpEvents(EventDispatchThread.java:101)
	at java.awt.EventDispatchThread.pumpEvents(EventDispatchThread.java:93)
	at java.awt.EventDispatchThread.run(EventDispatchThread.java:82)
Caused by: java.net.ConnectException: Connection refused
	at java.net.PlainSocketImpl.socketConnect(Native Method)
	at java.net.AbstractPlainSocketImpl.doConnect(AbstractPlainSocketImpl.java:350)
	at java.net.AbstractPlainSocketImpl.connectToAddress(AbstractPlainSocketImpl.java:206)
	at java.net.AbstractPlainSocketImpl.connect(AbstractPlainSocketImpl.java:188)
	at java.net.SocksSocketImpl.connect(SocksSocketImpl.java:392)
	at java.net.Socket.connect(Socket.java:589)
	at java.net.Socket.connect(Socket.java:538)
	at java.net.Socket.<init>(Socket.java:434)
	at java.net.Socket.<init>(Socket.java:211)
	at sun.rmi.transport.proxy.RMIDirectSocketFactory.createSocket(RMIDirectSocketFactory.java:40)
	at sun.rmi.transport.proxy.RMIMasterSocketFactory.createSocket(RMIMasterSocketFactory.java:148)
	at sun.rmi.transport.tcp.TCPEndpoint.newSocket(TCPEndpoint.java:613)
	... 28 more

2016/03/09 10:40:12 INFO  - jmeter.engine.DistributedRunner: Failed to configure 127.0.0.1 
2016/03/09 10:40:12 INFO  - jmeter.engine.DistributedRunner: Stopping remote engines 
2016/03/09 10:40:12 INFO  - jmeter.engine.DistributedRunner: Remote engines have been stopped 
2016/03/09 10:40:12 ERROR - jmeter.gui.action.ActionRouter: Error processing org.apache.jmeter.gui.action.RemoteStart@2de23121 java.lang.RuntimeException: Following remote engines could not be configured:[127.0.0.1]
	at org.apache.jmeter.engine.DistributedRunner.init(DistributedRunner.java:110)
	at org.apache.jmeter.gui.action.RemoteStart.doAction(RemoteStart.java:85)
	at org.apache.jmeter.gui.action.ActionRouter.performAction(ActionRouter.java:81)
	at org.apache.jmeter.gui.action.ActionRouter.access$000(ActionRouter.java:40)
	at org.apache.jmeter.gui.action.ActionRouter$1.run(ActionRouter.java:63)
	at java.awt.event.InvocationEvent.dispatch(InvocationEvent.java:311)
	at java.awt.EventQueue.dispatchEventImpl(EventQueue.java:756)
	at java.awt.EventQueue.access$500(EventQueue.java:97)
	at java.awt.EventQueue$3.run(EventQueue.java:709)
	at java.awt.EventQueue$3.run(EventQueue.java:703)
	at java.security.AccessController.doPrivileged(Native Method)
	at java.security.ProtectionDomain$JavaSecurityAccessImpl.doIntersectionPrivilege(ProtectionDomain.java:76)
	at java.awt.EventQueue.dispatchEvent(EventQueue.java:726)
	at java.awt.EventDispatchThread.pumpOneEventForFilters(EventDispatchThread.java:201)
	at java.awt.EventDispatchThread.pumpEventsForFilter(EventDispatchThread.java:116)
	at java.awt.EventDispatchThread.pumpEventsForHierarchy(EventDispatchThread.java:105)
	at java.awt.EventDispatchThread.pumpEvents(EventDispatchThread.java:101)
	at java.awt.EventDispatchThread.pumpEvents(EventDispatchThread.java:93)
	at java.awt.EventDispatchThread.run(EventDispatchThread.java:82)

2016/03/09 11:44:21 INFO  - jmeter.threads.JMeterThread: Thread is done: Thread Group 2-11 
2016/03/09 11:44:21 INFO  - jmeter.threads.JMeterThread: Thread is done: Thread Group 2-7 
2016/03/09 11:44:21 INFO  - jmeter.threads.JMeterThread: Thread is done: Thread Group 2-6 
2016/03/09 11:44:21 INFO  - jmeter.threads.JMeterThread: Thread is done: Thread Group 2-14 
2016/03/09 11:44:21 INFO  - jmeter.threads.JMeterThread: Thread is done: Thread Group 2-9 
2016/03/09 11:44:21 INFO  - jmeter.threads.JMeterThread: Thread is done: Thread Group 2-8 
2016/03/09 11:44:21 INFO  - jmeter.threads.JMeterThread: Thread finished: Thread Group 2-9 
2016/03/09 11:44:21 INFO  - jmeter.threads.JMeterThread: Thread finished: Thread Group 2-14 
2016/03/09 11:44:21 INFO  - jmeter.threads.JMeterThread: Thread finished: Thread Group 2-6 
2016/03/09 11:44:21 INFO  - jmeter.threads.JMeterThread: Thread finished: Thread Group 2-7 
2016/03/09 11:44:21 INFO  - jmeter.threads.JMeterThread: Thread finished: Thread Group 2-11 
2016/03/09 11:44:21 INFO  - jmeter.threads.JMeterThread: Thread finished: Thread Group 2-8 
2016/03/09 11:44:21 INFO  - jmeter.threads.JMeterThread: Thread is done: Thread Group 2-10 
2016/03/09 11:44:21 INFO  - jmeter.threads.JMeterThread: Thread finished: Thread Group 2-10 
2016/03/09 11:44:21 INFO  - jmeter.threads.JMeterThread: Thread is done: Thread Group 2-2 
2016/03/09 11:44:21 INFO  - jmeter.threads.JMeterThread: Thread finished: Thread Group 2-2 
2016/03/09 11:44:21 INFO  - jmeter.threads.JMeterThread: Thread is done: Thread Group 2-16 
2016/03/09 11:44:21 INFO  - jmeter.threads.JMeterThread: Thread finished: Thread Group 2-16 
2016/03/09 11:44:21 INFO  - jmeter.threads.JMeterThread: Thread is done: Thread Group 2-20 
2016/03/09 11:44:21 INFO  - jmeter.threads.JMeterThread: Thread finished: Thread Group 2-20 
2016/03/09 11:44:21 INFO  - jmeter.threads.JMeterThread: Thread is done: Thread Group 2-19 
2016/03/09 11:44:21 INFO  - jmeter.threads.JMeterThread: Thread finished: Thread Group 2-19 
2016/03/09 11:44:21 INFO  - jmeter.threads.JMeterThread: Thread is done: Thread Group 2-12 
2016/03/09 11:44:21 INFO  - jmeter.threads.JMeterThread: Thread finished: Thread Group 2-12 
2016/03/09 11:44:21 INFO  - jmeter.threads.JMeterThread: Thread is done: Thread Group 2-4 
2016/03/09 11:44:21 INFO  - jmeter.threads.JMeterThread: Thread finished: Thread Group 2-4 
2016/03/09 11:44:21 INFO  - jmeter.threads.JMeterThread: Thread is done: Thread Group 2-15 
2016/03/09 11:44:21 INFO  - jmeter.threads.JMeterThread: Thread finished: Thread Group 2-15 
2016/03/09 11:44:21 INFO  - jmeter.threads.JMeterThread: Thread is done: Thread Group 2-18 
2016/03/09 11:44:21 INFO  - jmeter.threads.JMeterThread: Thread finished: Thread Group 2-18 
2016/03/09 11:44:22 INFO  - jmeter.threads.JMeterThread: Thread is done: Thread Group 2-5 
2016/03/09 11:44:22 INFO  - jmeter.threads.JMeterThread: Thread is done: Thread Group 2-17 
2016/03/09 11:44:22 INFO  - jmeter.threads.JMeterThread: Thread finished: Thread Group 2-5 
2016/03/09 11:44:22 INFO  - jmeter.threads.JMeterThread: Thread finished: Thread Group 2-17 
2016/03/09 11:44:22 INFO  - jmeter.threads.JMeterThread: Thread is done: Thread Group 2-3 
2016/03/09 11:44:22 INFO  - jmeter.threads.JMeterThread: Thread finished: Thread Group 2-3 
2016/03/09 11:44:22 INFO  - jmeter.threads.JMeterThread: Thread is done: Thread Group 2-13 
2016/03/09 11:44:22 INFO  - jmeter.threads.JMeterThread: Thread is done: Thread Group 2-1 
2016/03/09 11:44:22 INFO  - jmeter.threads.JMeterThread: Thread finished: Thread Group 2-13 
2016/03/09 11:44:22 INFO  - jmeter.threads.JMeterThread: Thread finished: Thread Group 2-1 
2016/03/09 11:44:22 INFO  - jmeter.engine.StandardJMeterEngine: Notifying test listeners of end of test 
2016/03/09 11:44:22 INFO  - jmeter.gui.util.JMeterMenuBar: setRunning(false,*local*) 
